[32m[0529 17:04:41 @logger.py:74][0m Argv: train.py
[32m[0529 17:04:41 @common.py:143][0m Config: ------------------------------------------
[32m[0529 17:04:41 @common.py:146][0m ANCHOR_RATIOS = (0.5, 1.0, 2.0)
[32m[0529 17:04:41 @common.py:146][0m ANCHOR_SIZES = (32, 64, 128, 256, 512)
[32m[0529 17:04:41 @common.py:146][0m ANCHOR_STRIDE = 16
[32m[0529 17:04:41 @common.py:146][0m ANCHOR_STRIDES_FPN = (4, 8, 16, 32, 64)
[32m[0529 17:04:41 @common.py:146][0m BASEDIR = ../deep_fashion_data/
[32m[0529 17:04:41 @common.py:146][0m BASE_LR = 0.01
[32m[0529 17:04:41 @common.py:146][0m BBOX_DECODE_CLIP = 4.4225985979389275
[32m[0529 17:04:41 @common.py:146][0m CLASS_NAMES = ['1', '2', '3', '4', '5', '6']
[32m[0529 17:04:41 @common.py:146][0m CROWD_OVERLAP_THRES = 0.7
[32m[0529 17:04:41 @common.py:146][0m FASTRCNN_BATCH_PER_IM = 512
[32m[0529 17:04:41 @common.py:146][0m FASTRCNN_BBOX_REG_WEIGHTS = [10. 10.  5.  5.]
[32m[0529 17:04:41 @common.py:146][0m FASTRCNN_FC_HEAD_DIM = 1024
[32m[0529 17:04:41 @common.py:146][0m FASTRCNN_FG_RATIO = 0.25
[32m[0529 17:04:41 @common.py:146][0m FASTRCNN_FG_THRESH = 0.5
[32m[0529 17:04:41 @common.py:146][0m FASTRCNN_NMS_THRESH = 0.5
[32m[0529 17:04:41 @common.py:146][0m FPN_NUM_CHANNEL = 256
[32m[0529 17:04:41 @common.py:146][0m FPN_RESOLUTION_REQUIREMENT = 32
[32m[0529 17:04:41 @common.py:146][0m FREEZE_AFFINE = False
[32m[0529 17:04:41 @common.py:146][0m LR_SCHEDULE = [240000, 320000, 360000]
[32m[0529 17:04:41 @common.py:146][0m MASKRCNN_HEAD_DIM = 256
[32m[0529 17:04:41 @common.py:146][0m MAX_SIZE = 1333
[32m[0529 17:04:41 @common.py:146][0m MODE_FPN = False
[32m[0529 17:04:41 @common.py:146][0m MODE_MASK = True
[32m[0529 17:04:41 @common.py:146][0m NEGATIVE_ANCHOR_THRES = 0.3
[32m[0529 17:04:41 @common.py:146][0m NUM_ANCHOR = 15
[32m[0529 17:04:41 @common.py:146][0m NUM_CLASS = 81
[32m[0529 17:04:41 @common.py:146][0m POSITIVE_ANCHOR_THRES = 0.7
[32m[0529 17:04:41 @common.py:146][0m RESNET_NUM_BLOCK = [3, 4, 6, 3]
[32m[0529 17:04:41 @common.py:146][0m RESULTS_PER_IM = 100
[32m[0529 17:04:41 @common.py:146][0m RESULT_SCORE_THRESH = 0.05
[32m[0529 17:04:41 @common.py:146][0m RESULT_SCORE_THRESH_VIS = 0.3
[32m[0529 17:04:41 @common.py:146][0m RPN_BATCH_PER_IM = 256
[32m[0529 17:04:41 @common.py:146][0m RPN_FG_RATIO = 0.5
[32m[0529 17:04:41 @common.py:146][0m RPN_MIN_SIZE = 0
[32m[0529 17:04:41 @common.py:146][0m RPN_PROPOSAL_NMS_THRESH = 0.7
[32m[0529 17:04:41 @common.py:146][0m SHORT_EDGE_SIZE = 800
[32m[0529 17:04:41 @common.py:146][0m STEPS_PER_EPOCH = 500
[32m[0529 17:04:41 @common.py:146][0m TEST_FPN_NMS_TOPK = 1000
[32m[0529 17:04:41 @common.py:146][0m TEST_POST_NMS_TOPK = 1000
[32m[0529 17:04:41 @common.py:146][0m TEST_PRE_NMS_TOPK = 6000
[32m[0529 17:04:41 @common.py:146][0m TRAIN_DATASET = ['cs231_train_2018', 'cs231_test_2018']
[32m[0529 17:04:41 @common.py:146][0m TRAIN_FPN_NMS_TOPK = 2000
[32m[0529 17:04:41 @common.py:146][0m TRAIN_POST_NMS_TOPK = 2000
[32m[0529 17:04:41 @common.py:146][0m TRAIN_PRE_NMS_TOPK = 12000
[32m[0529 17:04:41 @common.py:146][0m VAL_DATASET = cs231_test_2018
[32m[0529 17:04:41 @common.py:146][0m WARMUP = 1000
[32m[0529 17:04:41 @common.py:147][0m --------------------------------------------------
[32m[0529 17:04:41 @concurrency.py:253][0m [5m[31mWRN[0m Command failed: 127
[32m[0529 17:04:41 @concurrency.py:254][0m [5m[31mWRN[0m /bin/sh: nvidia-smi: command not found

[32m[0529 17:04:41 @gpu.py:57][0m Loading local devices by TensorFlow ...
